<?xml version="1.0" encoding="UTF-8"?>
<!-- Generated by org.testng.reporters.JUnitXMLReporter -->
<testsuite ignored="0" hostname="DESKTOP-FUGQNF4" failures="0" tests="6" name="Default test" time="13.008" errors="0" timestamp="2023-06-17T14:16:14 IST">
  <testcase classname="swaglab.Swaglab_Login" name="Userlogin" time="0.377"/>
  <testcase classname="swaglab.Swaglab_Login" name="product" time="3.349"/>
  <testcase classname="swaglab.Swaglab_Login" name="checkout_Info" time="1.383"/>
  <testcase classname="swaglab.Swaglab_Login" name="backToProduct" time="2.159"/>
  <testcase classname="swaglab.Swaglab_Login" name="logout" time="1.149"/>
  <testcase classname="swaglab.Swaglab_Login" name="driverClose" time="1.189"/>
</testsuite> <!-- Default test -->
