<?xml version="1.0" encoding="UTF-8"?>
<testng-results ignored="0" total="6" passed="6" failed="0" skipped="0">
  <reporter-output>
  </reporter-output>
  <suite started-at="2023-06-17T14:16:01 IST" name="Default suite" finished-at="2023-06-17T14:16:14 IST" duration-ms="13008">
    <groups>
    </groups>
    <test started-at="2023-06-17T14:16:01 IST" name="Default test" finished-at="2023-06-17T14:16:14 IST" duration-ms="13008">
      <class name="swaglab.Swaglab_Login">
        <test-method is-config="true" signature="URL_Swag()[pri:0, instance:swaglab.Swaglab_Login@2fb3536e]" started-at="2023-06-17T14:16:01 IST" name="URL_Swag" finished-at="2023-06-17T14:16:04 IST" duration-ms="3335" status="PASS">
          <reporter-output>
          </reporter-output>
        </test-method> <!-- URL_Swag -->
        <test-method signature="Userlogin()[pri:1, instance:swaglab.Swaglab_Login@2fb3536e]" started-at="2023-06-17T14:16:04 IST" name="Userlogin" finished-at="2023-06-17T14:16:05 IST" duration-ms="377" status="PASS">
          <reporter-output>
          </reporter-output>
        </test-method> <!-- Userlogin -->
        <test-method signature="product()[pri:2, instance:swaglab.Swaglab_Login@2fb3536e]" started-at="2023-06-17T14:16:05 IST" name="product" finished-at="2023-06-17T14:16:08 IST" duration-ms="3349" status="PASS">
          <reporter-output>
          </reporter-output>
        </test-method> <!-- product -->
        <test-method signature="checkout_Info()[pri:3, instance:swaglab.Swaglab_Login@2fb3536e]" started-at="2023-06-17T14:16:08 IST" name="checkout_Info" finished-at="2023-06-17T14:16:09 IST" duration-ms="1383" status="PASS">
          <reporter-output>
          </reporter-output>
        </test-method> <!-- checkout_Info -->
        <test-method signature="backToProduct()[pri:4, instance:swaglab.Swaglab_Login@2fb3536e]" started-at="2023-06-17T14:16:09 IST" name="backToProduct" finished-at="2023-06-17T14:16:12 IST" duration-ms="2159" status="PASS">
          <reporter-output>
          </reporter-output>
        </test-method> <!-- backToProduct -->
        <test-method signature="logout()[pri:5, instance:swaglab.Swaglab_Login@2fb3536e]" started-at="2023-06-17T14:16:12 IST" name="logout" finished-at="2023-06-17T14:16:13 IST" duration-ms="1149" status="PASS">
          <reporter-output>
          </reporter-output>
        </test-method> <!-- logout -->
        <test-method signature="driverClose()[pri:6, instance:swaglab.Swaglab_Login@2fb3536e]" started-at="2023-06-17T14:16:13 IST" name="driverClose" finished-at="2023-06-17T14:16:14 IST" duration-ms="1189" status="PASS">
          <reporter-output>
          </reporter-output>
        </test-method> <!-- driverClose -->
      </class> <!-- swaglab.Swaglab_Login -->
    </test> <!-- Default test -->
  </suite> <!-- Default suite -->
</testng-results>
